<?xml version="1.0" encoding="UTF-8"?>
<testng-results skipped="0" failed="0" ignored="0" total="1" passed="1">
  <reporter-output>
  </reporter-output>
  <suite name="Default suite" duration-ms="15428" started-at="2019-11-30T06:03:19Z" finished-at="2019-11-30T06:03:34Z">
    <groups>
    </groups>
    <test name="Default test" duration-ms="15428" started-at="2019-11-30T06:03:19Z" finished-at="2019-11-30T06:03:34Z">
      <class name="com.app.PractFive">
        <test-method status="PASS" signature="Citi()[pri:0, instance:com.app.PractFive@1593948d]" name="Citi" duration-ms="15401" started-at="2019-11-30T06:03:19Z" finished-at="2019-11-30T06:03:34Z">
          <reporter-output>
          </reporter-output>
        </test-method> <!-- Citi -->
      </class> <!-- com.app.PractFive -->
    </test> <!-- Default test -->
  </suite> <!-- Default suite -->
</testng-results>
